d:\mes doc pdc\optro 2\pedago\pdc\projet coop app3\20-21\projet_support_visual_studio_2017_pdc-2021\projcoopapp3\project_app3\project_app3\debug\vc141.pdb
d:\mes doc pdc\optro 2\pedago\pdc\projet coop app3\20-21\projet_support_visual_studio_2017_pdc-2021\projcoopapp3\project_app3\project_app3\debug\vc141.idb
d:\mes doc pdc\optro 2\pedago\pdc\projet coop app3\20-21\projet_support_visual_studio_2017_pdc-2021\projcoopapp3\project_app3\project_app3\debug\main.obj
d:\mes doc pdc\optro 2\pedago\pdc\projet coop app3\20-21\projet_support_visual_studio_2017_pdc-2021\projcoopapp3\project_app3\project_app3\debug\geometry.obj
d:\mes doc pdc\optro 2\pedago\pdc\projet coop app3\20-21\projet_support_visual_studio_2017_pdc-2021\projcoopapp3\project_app3\project_app3\debug\forms.obj
d:\mes doc pdc\optro 2\pedago\pdc\projet coop app3\20-21\projet_support_visual_studio_2017_pdc-2021\projcoopapp3\project_app3\project_app3\debug\animation.obj
d:\mes doc pdc\optro 2\pedago\pdc\projet coop app3\20-21\projet_support_visual_studio_2017_pdc-2021\projcoopapp3\project_app3\debug\project_app3.exe
d:\mes doc pdc\optro 2\pedago\pdc\projet coop app3\20-21\projet_support_visual_studio_2017_pdc-2021\projcoopapp3\project_app3\debug\project_app3.ilk
d:\mes doc pdc\optro 2\pedago\pdc\projet coop app3\20-21\projet_support_visual_studio_2017_pdc-2021\projcoopapp3\project_app3\debug\project_app3.pdb
d:\mes doc pdc\optro 2\pedago\pdc\projet coop app3\20-21\projet_support_eleve_visual_studio_2017_pdc-2021\projcoopapp3\project_app3\project_app3\debug\animation.obj
d:\mes doc pdc\optro 2\pedago\pdc\projet coop app3\20-21\projet_support_eleve_visual_studio_2017_pdc-2021\projcoopapp3\project_app3\project_app3\debug\forms.obj
d:\mes doc pdc\optro 2\pedago\pdc\projet coop app3\20-21\projet_support_eleve_visual_studio_2017_pdc-2021\projcoopapp3\project_app3\project_app3\debug\geometry.obj
d:\mes doc pdc\optro 2\pedago\pdc\projet coop app3\20-21\projet_support_eleve_visual_studio_2017_pdc-2021\projcoopapp3\project_app3\project_app3\debug\main.obj
d:\mes doc pdc\optro 2\pedago\pdc\projet coop app3\20-21\projet_support_eleve_visual_studio_2017_pdc-2021\projcoopapp3\project_app3\project_app3\debug\vc141.idb
d:\mes doc pdc\optro 2\pedago\pdc\projet coop app3\20-21\projet_support_eleve_visual_studio_2017_pdc-2021\projcoopapp3\project_app3\project_app3\debug\vc141.pdb
d:\mes doc pdc\optro 2\pedago\pdc\projet coop app3\20-21\projet_support_eleve_visual_studio_2017_pdc-2021\projcoopapp3\project_app3\debug\project_app3.pdb
d:\mes doc pdc\optro 2\pedago\pdc\projet coop app3\20-21\projet_support_eleve_visual_studio_2017_pdc-2021\projcoopapp3\project_app3\debug\project_app3.exe
d:\mes doc pdc\optro 2\pedago\pdc\projet coop app3\20-21\projet_support_eleve_visual_studio_2017_pdc-2021\projcoopapp3\project_app3\debug\project_app3.ilk
d:\mes doc pdc\optro 2\pedago\pdc\projet coop app3\20-21\projet_support_eleve_visual_studio_2017_pdc-2021\projcoopapp3\project_app3\project_app3\debug\project_app3.tlog\cl.command.1.tlog
d:\mes doc pdc\optro 2\pedago\pdc\projet coop app3\20-21\projet_support_eleve_visual_studio_2017_pdc-2021\projcoopapp3\project_app3\project_app3\debug\project_app3.tlog\cl.read.1.tlog
d:\mes doc pdc\optro 2\pedago\pdc\projet coop app3\20-21\projet_support_eleve_visual_studio_2017_pdc-2021\projcoopapp3\project_app3\project_app3\debug\project_app3.tlog\cl.write.1.tlog
d:\mes doc pdc\optro 2\pedago\pdc\projet coop app3\20-21\projet_support_eleve_visual_studio_2017_pdc-2021\projcoopapp3\project_app3\project_app3\debug\project_app3.tlog\link.command.1.tlog
d:\mes doc pdc\optro 2\pedago\pdc\projet coop app3\20-21\projet_support_eleve_visual_studio_2017_pdc-2021\projcoopapp3\project_app3\project_app3\debug\project_app3.tlog\link.read.1.tlog
d:\mes doc pdc\optro 2\pedago\pdc\projet coop app3\20-21\projet_support_eleve_visual_studio_2017_pdc-2021\projcoopapp3\project_app3\project_app3\debug\project_app3.tlog\link.write.1.tlog
